0
0
1
10
1
1
1
1
1
2
10
10
8
4
4
1
7
2
0
2
10
4
14
0
27
14
22
16
3
9
37
31
35
2
14
6
20
35
73
39
80
104
278
129
54
45
1
42
530
36
235
115
279
456
695
4
128
231
292
266
3296
6020
5151
1704
11828
9384
13921
3843
5940
1254
4861
2454
1173
6420
6133
3424
271
10777
7886
82
306032
210952
266935
277149
115779
58914
47084
45233
62474
15654
259413
43554
120265
188212
167814
39860
50105
75689
36211
125303
346370
346359
346358
346344
346340
346344
346359
346344
346343
346340
346370
346344
346344
346344
346346
346344
346337
346343
346337
346355
346352
346344
346356
346337
346344
346340
346337
346348
346345
346358
346347
346337
346344
346345
346346
346349
346337
346359
346351
346355
346344
346355
346344
346340
346359
346356
346344
346351
346366
346337
346343
346337
346358
346367
346351
346337
346356
346360
346359
346345
346358
346337
346344
346337
346360
346351
346337
346351
346351
346337
346357
346344
346359
346360
346351
346366
346340
346337
346344
346337
346356
346344
346337
346337
346337
346351
346348
346360
346353
346346
346343
346360
346351
346363
346353
346348
346344
346348
346337
346352
346348
346355
346359
346348
346344
346360
346337
346358
346366
346344
346344
346351
346344
346344
346368
346368
346337
346343
346337
346337
346337
346351
346355
346348
346348
346344
346343
346344
346354
346367
346344
346337
346351
346344
346344
346351
346363
346337
346356
346347
346348
346345
346366
346340
346343
346337
346344
346354
346337
346351
346337
346353
346351
346343
346351
346337
346344
346337
346348
346337
346337
346359
346360
346344
346337
346337
346359
346337
346355
346337
346351
346356
346346
346337
346359
346344
346337
346364
346344
346337
346346
346370
346356
346360
346353
346337
346337
346337
346346
346344
346354
346337
346344
346344
346348
346356
346351
346367
346353
346337
346355
346346
346338
346337
346337
346337
346351
346367
346366
346351
346351
346337
346355
346346
346346
346359
346360
346359
346354
346345
346356
346362
346359
346366
346343
346359
346360
346351
346351
346344
346360
346360
346360
346344
346344
346366
346337
346359
346360
346363
346340
346370
346351
346337
346337
346352
346356
346354
346351
346344
346370
346348
346344
346337
346337
346351
346337
346344
346355
346351
346344
346337
346355
346368
346345
346364
346343
346344
346353
346351
346344
346348
346360
346337
346337
346351
346344
346356
346351
346351
346337
346351
346354
346337
346368
346337
346337
346356
346344
346359
346363
346363
346344
346355
346344
346359
346355
346343
346345
346346
346356
346354
346344
346355
346343
346359
346337
346337
346366
346351
346337
346337
346344
346354
346356
346344
346345
346344
346356
346355
346356
346337
346337
346346
346359
346351
346354
346362
346337
346344
346359
346346
346362
346346
346337
346337
346356
346337
346337
346344
346337
346360
346351
346343
346355
346340
346351
346340
346351
346337
346355
346348
346351
346359
346351
346344
346357
346337
346359
346355
346358
346355
346337
346370
346344
346370
346337
346360
346359
346344
346359
346344
346337
346337
346344
346337
346363
346344
346359
346337
346344
346337
346360
346340
346359
346344
346344
346351
346337
346352
346337
346348
346337
346367
346360
346351
346366
346359
346359
346345
101267
101694
101279
102060
98249
102610
98196
99981
100998
101979
100709
101180
99627
100836
99089
97217
101255
96731
97271
97382
101689
102414
97737
97367
99075
101614
99066
98637
100425
97910
100416
100686
102544
101004
97263
99665
100059
99916
100534
98549
97673
97719
101123
96740
100232
100664
102227
102682
100133
98351
101803
101883
101242
100480
97272
99877
101697
100042
97448
97928
96860
100009
98310
100027
98006
100655
102869
101480
101838
97797
97627
102246
98966
98029
101676
101935
98432
98465
102207
98651
98583
102884
102236
100628
102731
100060
102387
102512
99692
100529
100275
100838
99055
102092
99803
102143
99542
98554
100860
101083
101179
98433
100023
97770
98158
98100
99513
101140
98796
99530
98419
100460
100749
99529
101979
97531
98175
102935
98118
100967
99829
98662
100188
97559
101784
98657
101162
97420
99429
101300
99843
102967
97730
102291
96738
97670
101236
102841
100985
101302
99610
102534
98312
100044
102800
97356
99478
96761
98623
101621
102726
98030
102972
101287
101190
101938
99653
100355
97509
97538
97494
101281
100128
99863
100804
97234
102478
100513
99766
97585
101122
99065
101283
102473
102125
102044
101966
100484
98395
97649
99477
100136
99492
101671
98500
97440
98293
100758
98327
97301
99697
101297
100383
99813
99877
99490
98560
99827
101781
102268
99722
98972
97581
101103
101968
101785
98121
99878
99501
98525
101462
101192
100272
100106
101679
101192
101989
101277
102651
100386
102433
100635
97592
101791
101254
100389
97781
101267
97938
101801
97396
97449
97909
100621
97920
101677
101625
99590
100098
97863
101749
101460
102728
101281
99067
101242
99887
99373
102599
97860
98486
99809
98315
102635
102704
98990
97824
99081
101803
102699
97400
101051
99618
98974
101485
100269
99089
99772
99748
102288
100769
101246
98100
100738
97513
101619
99765
100051
99895
101008
99819
102680
99226
101192
97914
99551
98255
101272
100059
102122
99498
100010
101285
102003
97373
101278
101458
98221
99230
102559
100280
100053
102131
102926
100481
102871
96857
101900
100079
97578
100415
101969
101461
98535
101962
102054
100750
100659
100137
97688
98364
101619
99945
101057
99803
100698
102534
100268
102311
101133
100470
99970
102159
98089
99756
102568
100630
100125
102482
99087
101145
100884
97922
100107
101371
98419
102382
99462
101231
99921
100871
97740
102541
98630
101270
101087
100988
100064
101975
101229
102966
97538
101796
100459
98572
101799
97592
100011
101097
99568
100984
101835
100442
98585
98515
97512
101081
101035
102279
100272
100270
97492
96820
97433
100444
101964
101785
102559
100102
100056
98268
100768
101626
101629
100141
101629
98524
99673
98251
97268
99721
98520
101784
97445
100765
100037
100935
99472
96875
99605
97424
98579
100848
99740
99874
97494
98524
101792
101172
97444
101792
99074
97327
98286
100033
101166
99226
98985
98277
99627
101470
101466
99230
102574
98321
100749
98436
99503
97688
97445
100780
100659
102743
101788
99493
99982
101025
100109
102698
100629
100787
101463
98218
100767
101785
97739
101933
97768
101798
100792
98220
98577
101781
98950
103020
96915
102904
102717
98977
99523
97075
99235
98065
97799
97455
99715
96759
99906
101615
98369
97148
99930
100962
102584
98424
101175
96789
102733
97816
100676
100482
99616
96827
102301
100049
97955
97972
100833
100692
306032
210952
266935
277149
115779
58914
47084
45233
62474
15654
259413
43554
120265
188212
167814
39860
50105
75689
36211
125303
114056
22947
35839
110516
29158
51169
97913
116333
157075
101887
234518
182458
136522
130635
2422
100147
119389
78058
108287
36766
36216
35767
2484
216131
77629
99922
49665
306889
72634
133677
887
77097
17527
41092
156502
84734
95907
29209
96461
119506
101040
88598
118236
57793
232990
36357
16836
113711
106148
188422
160862
121649
47335
54090
262669
55335
14318
117029
132675
58850
79912
81730
131576
792
248408
43914
57519
143399
36640
5864
75082
54392
54659
9249
97739
22525
81858
110410
92316
172148
37534
122421
71401
71830
50352
50736
118463
38614
39792
151490
2713
186202
14914
208127
115506
34347
101141
48031
134351
2171
123617
9796
7189
139027
40935
131654
13587
70389
147110
59843
222151
114520
18301
6524
165894
158949
35589
1678
57941
102515
12222
29883
58308
101603
78537
239974
74618
71116
15899
35776
2682
113751
36292
32278
50960
65319
147323
185418
31102
12964
7461
190586
170541
234940
36890
129714
14538
95830
224796
4166
105786
12824
17475
2047
9459
62906
6256
194174
44527
170921
150766
179731
56094
190779
301299
45904
132847
45283
43589
75851
75200
47536
72262
116066
128635
19835
1870
55087
155000
164053
231245
9409
88158
248156
202573
32978
255581
69485
49572
136676
39233
41242
178818
17521
218307
23902
99952
33344
182114
209974
37160
90895
96773
59675
15308
7131
118947
176636
145185
168318
13753
144901
175130
151753
20738
124186
19971
207698
96767
67104
13494
69519
181239
201064
232773
71663
119925
133972
14152
201961
212870
22669
30007
158762
173931
109035
31285
99
64948
43944
164800
6912
73214
123080
5446
74853
76945
167288
109683
40534
135134
113558
106024
219636
43517
42741
111112
48175
30940
78993
132507
85144
122020
76521
105967
17232
89624
139290
31996
84360
86996
15512
140410
40696
55746
139474
80091
79083
25189
44835
55597
194590
82257
201525
17904
129358
21435
4059
21380
50700
126494
63616
97503
97137
119623
139786
199947
27007
155432
17058
38227
104022
43659
115140
2093
12085
156294
38037
24826
54846
30919
139686
32685
17047
132696
71457
123696
251427
136224
65712
27725
39592
34695
86918
73383
132407
86955
75074
46811
193088
117376
79723
149819
98866
59359
10647
47952
240128
196045
78385
68936
202020
87576
18361
84432
20973
212795
2668
65978
249828
27616
156753
102575
791
19082
63944
120893
23726
14739
18334
14636
158996
147240
198083
22531
273294
14302
63740
64641
56906
61063
227740
25421
177591
166326
46182
88551
238680
164093
101050
46554
76593
38045
62548
80556
162435
44563
66094
221087
46840
166703
49297
19378
233362
12321
122552
127595
35738
130658
2801
18673
28574
94236
88615
183366
41462
167930
46955
145545
19371
13217
98039
40298
110254
20071
274137
81653
69956
49269
81742
29876
72165
26257
35474
185892
177099
19649
35342
93278
56904
21163
193977
93673
118675
93310
75301
10717
148381
97542
54357
103101
160404
96023
105421
66389
56034
60690
225548
172982
17708
105152
8720
62282
133566
127660
87641
43028
49055
89915
190645
130399
14248
11534
10641
52957
57857
161846
102269
82055
72703
131575
256121
25296
40898
71578
29971
3939
265898
164762
125143
83723
160288
158487
60251
49029
6741
106684
22200
14282
25600
68143
18124
24877
55664
44007
214368
83327
182609
194045
23629
130345
81800
30904
11760
40486
206347
139083
10018
9552
88099
33417
39019
74538
99055
28861
71712
123878
177244
3853
63172
4883
30431
189397
169967
139003
188103
130791
48874
126324
4773
37028
49282
174087
8203
61322
4736
2815
30493
60568
18654
187659
126841
67433
106110
96590
156601
118904
77315
53631
267263
158036
12616
1428
36856
82323
37730
125317
3658
148430
99958
70586
115350
15522
59226
121090
23160
892
33185
20349
38361
64192
161972
1221
113468
44335
84195
5711
21387
249377
24012
1698
119100
89860
99394
89925
84790
22533
22413
30194
11080
56789
239569
37638
115366
243135
242048
55993
132277
90110
128853
81185
82503
84569
182310
106174
143657
112029
123409
288380
71565
63843
37483
226056
250450
6983
118793
8449
35885
114735
161413
73026
171741
4330
225299
149815
121020
7215
250302
121539
38282
105584
96684
39089
55501
155304
111796
111257
79043
53769
2863
18053
141934
27006
74394
121929
184264
15053
11208
88199
118369
139824
59064
2935
81090
131170
60220
75896
48029
132656
111116
161420
75210
266627
182828
33874
72125
115351
200516
60680
52605
201496
34291
27644
85590
18121
110122
198536
97079
29063
38388
22038
108630
153873
7564
75358
48157
18840
19487
39270
255488
179506
115871
100556
109615
243834
61000
79988
216239
34724
79008
50544
2132
151479
57017
27352
53207
100731
13898
197637
250603
99678
5043
110474
8640
29356
209700
15228
67954
15712
86349
1136
149161
263138
18519
124024
255
236812
20352
39443
40568
186898
54452
58446
91685
27894
626
77929
99766
114213
18201
102382
21770
133619
56274
56974
58327
136759
43507
27979
72893
82063
186621
143552
231921
44482
223033
49
28191
141092
72000
117031
160390
127443
128897
33145
70527
57683
20692
64597
64
170826
155714
18102
73682
18603
195919
25408
54343
111
68765
100893
24951
58738
39855
124573
17070
233432
234471
67916
20645
76268
155490
104409
77557
154665
107467
893
51326
45035
227407
133796
80197
94820
120226
103765
81838
173161
49330
125436
42223
56736
144098
169318
94843
48925
73468
25736
114029
156068
61779
59496
199877
125303
50614
232639
253851
140803
6520
228735
7661
73902
101508
158391
117411
171331
66436
6670
119062
5345
2998
221876
85181
19666
80917
1252
72753
159595
9448
257246
121393
87425
86032
76205
81941
128651
104682
73740
140979
80798
74083
39198
197150
86853
46012
34817
7844
189720
14960
5246
83134
69197
120556
156267
12550
163554
48655
79239
110753
28328
94798
207432
183473
102830
117954
63780
207718
129573
66130
303043
61638
59745
173964
33116
169431
36475
148343
79979
127768
5737
56983
32476
83189
6248
154965
211458
164246
101835
83978
44953
61038
9434
76379
129632
20906
34785
58013
35245
18115
197458
1939
14366
1849
11319
105425
54561
136146
14244
39367
196141
147476
97594
82707
121409
51399
25852
167291
135200
2435
218905
11456
78901
84805
13204
40584
203940
69912
153496
208563
94854
55932
1080
128885
213104
33073
226424
54011
10130
4549
53739
189747
194763
59504
70324
242265
194672
1537
6841
179717
41711
177170
46005
105692
44121
33305
15554
72508
43297
180700
149537
100272
146331
227568
192472
98911
73175
96372
150736
41653
102160
89575
4755
28407
14630
18595
177611
26431
71564
112726
7452
115166
3069
87725
28498
149685
15119
100738
72879
87981
140285
50351
178096
172947
84026
99787
92542
47670
98906
99137
88264
153932
14961
5137
54360
26318
100760
107699
132411
31160
56727
31116
174699
6006
28891
4077
161298
86339
96569
62937
91537
93996
121402
107841
57681
55613
25301
45132
55597
313336
284086
175599
52791
286251
62124
46702
153290
10596
139439
1304
63433
61781
254236
42999
147115
236284
32801
185974
84287
95923
181825
23387
60360
36662
5437
129237
36749
16240
17151
41366
129133
132794
190236
10441
71070
9404
47939
49270
57993
36505
193487
243882
36032
12059
62234
139054
28422
227653
103681
64395
74314
53516
281414
101668
42146
109566
41015
224445
7728
116418
2449
108417
212761
199615
15111
53460
20225
37529
2074
17286
105703
56759
40899
107857
197760
88185
102308
146877
773
9755
143181
144662
93131
199549
30890
55799
128428
140240
138383
43280
23566
68216
302251
27506
73144
104289
29043
100729
155686
53691
38943
22041
45355
28294
101793
105100
24479
35600
248911
85073
329605
194647
40526
263941
14403
36345
128919
189337
100758
27801
87472
10558
55105
127507
269084
201509
48776
62283
18554
5357
212374
146933
105233
128581
162327
82444
102578
230500
23108
53260
194944
14743
27103
75063
108216
13260
12880
255978
117579
6928
106788
1597
27065
52343
122109
58189
35987
20454
81687
101713
35186
129729
5050
58869
83679
15408
133043
65081
8647
91785
21754
11012
138166
3505
149025
138563
58538
105760
69627
57963
71633
1996
19484
69789
65413
111587
19433
58990
118493
153975
8093
115568
130155
90499
136770
205123
151185
16259
153851
22819
42578
279625
185970
152634
18953
55443
14611
56104
184412
58830
181924
173206
26717
243091
73429
214173
99168
32212
25244
150182
64442
27661
10961
21559
71796
59168
65232
220795
80883
26392
74776
66086
255749
112570
143347
30954
34275
12803
13341
278926
137150
38943
100914
25519
92492
31901
99020
70686
61447
133846
16421
23384
48720
138987
2144
113209
192243
23738
123761
44146
125327
232189
50121
247002
84440
10896
129964
177795
120417
160355
79910
80598
58778
167935
118721
122712
244937
90467
112235
106038
72554
20437
5461
133009
131520
299828
101071
101482
156355
15920
49406
10853
14865
46484
61976
192104
69721
9661
210306
37949
4767
56551
71607
11737
271882
55439
183235
205916
48256
90892
126022
174705
62521
7639
180128
27140
124622
46689
137076
2970
173224
126627
149242
18225
143194
188773
90645
260344
20373
21717
51306
133897
150741
69451
1031
37445
19666
44569
36804
2639
59926
92943
88177
106629
5352
4173
97730
48076
83283
148929
39698
117166
3803
19995
106206
18432
93816
148654
45480
70346
75142
208509
152770
57682
130608
63312
90389
44303
240262
27118
188524
150710
36364
124545
73771
20594
71343
23980
198712
18721
248334
86664
196183
32766
57738
54419
119626
42891
54638
156379
21643
50298
183785
56479
96272
100468
40189
102046
284340
205057
70493
53513
90838
62135
255507
27873
77672
19268
4823
9208
117751
90850
164651
74603
40229
90703
143230
154285
256161
60534
174138
8628
44412
9839
64761
59995
159248
209848
18153
23565
210628
9539
104572
131243
56010
40173
204376
39492
223395
131780
19935
6715
95283
150921
130707
15227
50381
59763
164792
114066
71141
45704
118027
147321
84870
232890
136102
54721
120148
166920
54208
40055
186842
209719
79480
213908
256231
49581
48977
289263
84915
89131
200546
25241
64539
125581
6425
171632
59101
85760
12074
153050
49992
88277
230446
95059
160346
195316
163072
24815
49169
69211
67860
148570
25345
28844
70695
125418
102262
56200
201384
69216
83937
22930
157034
71622
128482
43167
15687
71892
97585
83576
152873
203797
15731
70332
24133
21412
100605
42402
14463
27074
71746
5910
99441
78378
120865
61271
21468
193906
37080
157792
3100
130732
62852
154052
62306
150033
141837
213549
56080
168676
158351
92175
87413
52291
63388
13501
27069
4096
109472
21159
34576
7376
203684
10398
144516
4239
112553
72484
145691
95367
16741
208596
3980
93448
48349
32552
228308
113296
181556
235143
79336
21354
221479
8716
116931
135459
118710
202191
231174
41033
19337
86892
39374
41874
246382
1234
70644
3179
113310
15077
182396
37041
212604
128368
42763
240773
61293
9992
35857
8143
10937
94069
160621
43399
80331
143175
70196
197625
132190
15974
70434
158767
141845
98378
107374
86964
12041
47969
63563
108590
110857
149733
46667
40972
221932
221864
149427
69276
76769
81503
247295
58813
18767
241508
148860
110068
88839
81446
110975
137786
39805
31097
75057
122302
45332
79466
181311
163353
75259
69920
41110
64580
116900
72352
97703
10108
143650
184619
40851
61682
67515
80353
100531
95218
97836
28507
187300
31489
72210
286209
132294
70301
10354
146138
5321
182428
255135
36653
32857
69001
69974
252327
32364
235353
216527
5544
2816
84267
280623
225433
114067
278094
22349
63406
201880
65570
220768
86321
213498
249196
142212
151035
112379
54355
108727
58098
215746
133954
99239
34270
26506
20627
61982
120885
137595
131980
15309
72231
263211
99181
14290
88554
278100
27569
136338
85976
50808
33240
153273
56899
17726
242246
66636
45937
41098
214745
237235
36071
67815
10083
287457
60719
42679
118437
143712
111698
115972
86641
116995
143182
233297
146272
176866
48001
10923
57388
51007
203162
141403
155537
70803
23186
20491
31576
3346
69360
93604
54673
26144
83514
24785
88369
201816
141467
88930
30605
11318
43528
35966
126255
5651
24304
218432
51709
94
13773
86090
52398
116017
12647
88398
171504
27922
12265
168438
97021
118175
262519
64238
48493
64665
8458
185797
158966
113338
15948
6
158823
12303
81286
86982
35455
234346
88763
143770
33741
169795
58199
32780
75961
91511
32729
86994
28494
130562
152619
28841
9771
181552
39755
161829
63728
209107
10306
192577
143916
68077
6523
43634
124236
12615
124247
245049
142597
107630
256842
118634
80827
76862
63425
105862
29579
56308
48744
1884
250776
8234
80985
211757
10124
16759
16083
99625
69672
48120
13357
26156
229053
318257
80635
40253
148372
128201
86664
250420
247069
58870
6888
110995
134355
77486
88121
26515
23872
204164
70224
82081
181422
43492
41610
222810
105555
84314
24150
49257
1394
290841
72759
173804
194054
107634
41129
152061
2517
5065
82224
129165
12905
112232
192275
197893
197427
95746
109907
20918
35389
11840
107089
70481
46371
123178
5243
124013
33949
40411
72493
182145
86218
106415
8850
67029
152794
21493
2712
1992
16228
18966
76716
15951
28053
24545
109410
35712
118950
56515
164876
109480
177506
87292
4003
27411
29627
114373
212479
213072
236808
124022
49163
247445
135098
79
93992
84696
47897
27895
215167
88459
180646
6294
74100
28232
97597
49077
38603
107089
38427
50394
35168
105505
13439
21031
36270
99528
13613
8522
5668
138724
91910
62055
27376
63014
130729
234369
10981
15312
61058
130464
170833
173056
86691
39534
173764
50707
244983
39119
19903
12004
56376
14194
133587
252341
118602
52024
18464
83105
30006
124743
101225
130175
63197
149611
214819
181220
99741
124334
5022
244220
123264
89012
125585
4958
27269
121029
91752
195440
162898
70723
89426
81967
414
82780
11533
108256
234060
22127
198996
25944
33199
186458
19493
106684
118088
139780
57283
86229
4896
17288
8487
72173
32483
183250
105671
98245
59482
46640
45491
138746
3741
29122
247502
154344
36964
44797
19474
162650
70387
11968
8130
284914
199723
56398
167444
219630
116634
113112
131748
104736
37377
96024
24900
9538
127426
43079
29100
77829
44526
148922
33830
24698
143887
177524
168745
76415
159637
115199
280173
101248
177186
87019
232460
114131
23522
52302
41374
31304
63777
61897
129738
73292
108306
45378
190873
92571
158941
74170
18550
37228
182807
48201
182036
154554
6222
66597
88164
26003
287749
3834
100346
97790
218971
9915
101582
149396
174722
195244
146355
62591
55915
94899
83345
86346
82620
90312
107266
29197
425
110256
43210
73030
4445
51029
76170
257024
54985
63272
32362
84531
34427
22091
22154
24561
61220
21656
20849
70830
146655
44507
19664
89886
8159
186028
101038
35890
243563
12189
12951
160393
11486
79418
16503
68154
39545
11550
28550
84126
6380
23835
68800
229459
70435
128044
32464
119516
72242
31917
34613
123398
106429
90860
227332
13282
45121
161547
81745
88023
12996
41241
148732
45236
220282
55823
31370
1234
233972
91764
33322
176887
5830
35569
68556
88925
193720
108357
9306
158786
164141
71548
20454
204842
148116
107297
101056
136873
184098
95581
186748
106570
20925
48316
120302
123326
214885
31686
43570
25515
41877
188844
3534
189452
49993
10127
29488
263627
34242
53513
20105
134003
63416
3889
14652
17242
123002
167733
85396
107015
130890
33318
127056
47748
79236
43685
264807
137604
117721
122172
165489
74308
15837
197110
16999
43335
71416
147496
14796
27950
6491
159967
91369
70010
11025
69243
98984
11903
43979
79052
130862
81400
132862
24883
359
27349
24121
32382
121989
29268
88944
170530
208847
45361
85763
142810
266885
8925
50935
130335
46705
200127
45495
22549
106223
127033
88845
63866
152356
42858
150729
204521
40232
36978
122085
83765
31673
17684
102778
50372
109463
112217
77462
7697
177342
20095
41043
174813
130483
12414
15216
19217
91067
229120
81124
162442
9676
12584
196915
163934
81269
5875
72728
159569
2428
164251
23286
174347
27141
26232
62634
211523
21766
220241
194003
93906
10908
21639
20838
131677
241298
47786
24538
171821
11721
45032
165664
47796
252208
196033
15015
25156
112943
166917
89752
26962
128670
39845
7513
92629
220872
66909
83530
48559
53901
27263
70089
195685
45533
29064
53213
15442
30953
33918
209816
265006
115502
140937
1716
94068
150532
148363
182992
133780
134887
113133
61951
34497
102212
10013
74140
217302
207583
59850
167221
20858
38089
140159
68613
124757
136867
58143
42005
44729
63846
127478
11111
16237
308307
173897
98827
19214
4717
165645
16321
20676
79641
198010
49184
11261
246876
70719
69538
46154
156612
64435
82021
154145
31756
148764
51158
90850
10413
280713
101397
201778
67776
13577
169620
147577
200061
79075
2832
10321
40267
130309
123859
246343
50729
16141
42922
216349
147647
276119
322
140613
59729
70360
32905
40957
20900
113279
57493
77211
177303
44101
209066
30495
76436
125039
114867
37650
56782
39241
6230
3047
85373
268869
162771
112999
21941
157196
12679
199232
38840
39333
60419
1162
6506
53167
7441
40442
110740
152151
125655
257102
26308
103100
9431
26010
189186
60999
65178
119961
121617
153284
11544
81779
136717
191469
5696
107847
124332
166759
276112
60783
43629
196799
85177
59498
15586
43451
123244
118091
16874
202774
22014
122404
94020
125695
7307
234793
55643
47814
144150
20721
75041
56672
70135
10908
12670
195360
24111
46386
86923
16623
45259
221824
271013
239674
239802
195255
88545
15963
105567
93517
222582
13232
93770
34846
164360
66491
162180
183743
200257
119620
13528
39525
57122
31196
3332
14614
43295
200756
202659
69951
13877
59863
180035
39725
24737
78184
275321
13985
22854
54003
142763
146901
25144
1197
77755
107811
133907
137119
106869
17711
166960
45206
53172
9370
209808
147561
53735
191734
29562
129656
93649
35052
34380
137078
142635
28622
69802
32706
58841
23402
52031
35108
116292
179901
68487
32830
28227
73109
9618
152720
82977
9800
73029
46874
91154
24838
30810
207114
104311
176334
228806
59265
33234
4051
64560
83102
78934
141325
100222
543
70045
115693
2124
35610
78639
175973
193506
136518
45973
30069
83681
135382
45863
40393
34596
161673
42907
85317
114425
96226
52807
90225
158409
7317
22241
193052
7793
69473
36004
177053
57166
99928
70182
59217
153749
245410
39755
95692
86188
141720
140908
61252
27093
218678
199200
3689
15282
161422
59472
682
22657
189653
127691
12306
3502
78347
22389
113411
66855
114558
40421
30190
46414
93535
770
19424
56469
171168
15035
88591
101189
156346
86335
118163
47397
43757
30405
332868
33857
40212
11999
156079
104224
151616
158846
5582
160177
139416
19434
290166
14318
1645
202350
43675
54242
87599
214785
45928
161393
36286
167913
41043
62502
173118
17245
238114
20308
12304
112848
188626
207052
69258
159772
46330
126934
19114
17579
208332
80971
247427
2633
122869
124638
189556
79931
64449
54752
243156
2726
171492
7168
85667
41206
526
203357
43138
142820
168273
13698
81090
74282
7968
214347
169773
207191
1168
5941
67492
15900
33433
121936
46997
63397
35395
219722
96806
6736
32710
126984
98962
119507
227910
104096
191744
18823
183667
151361
7166
160492
59997
169991
223003
37879
124526
143097
106021
51282
279407
61894
253360
137731
69899
71636
7155
79747
145234
20777
198743
51197
153862
120447
13504
61922
110152
114935
81819
142908
89637
116827
83287
15823
111744
128058
39984
64879
38389
8968
96511
23326
61104
95825
110231
89277
128
13501
95997
133942
36816
32676
32627
132218
26952
24940
96602
114409
16413
54004
171873
55208
88420
26091
162328
24667
78815
131159
90649
190854
44863
124066
9960
19259
144283
256100
243397
93787
22047
56895
87103
42950
52130
220614
125917
31803
21274
9949
105067
87042
3303
190444
57507
32229
136177
23259
89728
153312
59090
104900
32997
177634
106938
36872
187099
137944
2366
17592
4006
142597
18547
71907
138584
172718
33124
41325
2002
147825
242060
13626
206217
60492
45278
288636
185681
146874
126424
157215
5026
118251
15793
56216
51980
12780
163263
102295
134344
8551
8842
76444
83487
53908
9165
41599
168344
14010
239821
35479
32379
87309
129490
188069
27562
141962
98629
45036
95217
79435
63216
83488
89963
15957
99896
14964
15192
31187
81971
74470
105405
2038
204384
38563
168950
94434
132152
111846
217959
118753
5896
36778
103135
53944
92072
181316
268518
1696
15682
21258
73979
39744
253443
37115
90431
80216
70284
119452
9390
122123
120490
72118
132359
19170
95969
66039
68049
119382
177992
105090
142728
64334
70252
188243
194785
10776
94581
71317
51652
15579
200385
212757
60009
12449
65515
123835
120293
3091
60111
147310
202977
14753
220519
29076
30555
55147
41816
163890
51460
27774
185106
124555
80029
37384
150505
17777
114847
23326
192044
16969
12761
26045
175269
72673
18855
30657
59767
48554
101075
43914
50821
41690
119229
110251
114532
76890
45325
7018
25304
81162
32197
27404
6402
15206
5631
10737
73098
74946
154830
135953
5786
185420
49316
107299
63365
118902
62202
154348
20035
29941
9430
22273
29852
307781
227255
78798
3936
66909
66221
11968
244605
74462
38070
43123
199349
68679
69584
3380
149047
93187
111588
197881
130257
108387
143604
61900
192336
94173
35282
136711
133955
156290
119291
3748
89664
269131
83001
78055
66791
131219
224121
1264
160494
51816
82904
76246
95234
59261
147184
71428
103934
36191
25134
57447
118431
152398
410
120724
9467
18250
25597
114915
20640
170846
230240
155607
52970
40230
27112
63138
45586
219009
178901
93199
190151
4689
133555
157433
36159
11159
43142
29263
100791
72819
246388
42095
60234
198973
137873
77162
27034
186572
45226
5952
38572
74255
13714
7783
14420
48366
6347
229378
6426
154154
218038
123253
117604
88691
29476
70486
116770
199738
164155
10752
169464
190192
129602
8946
17153
18331
38032
106437
136630
194387
170416
222105
158557
155871
136475
165586
70107
171543
279531
28286
123910
126913
78199
180197
92739
137291
170953
24329
117086
196391
129689
38550
25832
234706
2643
31697
269659
148384
53567
183177
47518
214660
60448
818
134740
32688
18856
253120
105778
176601
138423
16030
173177
145552
109568
1492
17451
175094
229077
89391
25584
99021
107878
102180
106113
43514
39179
69972
157099
134450
122846
35549
67623
125839
47365
18672
4092
25084
111400
200502
10881
185912
92873
44194
23584
9660
44081
5362
17194
40801
189328
189585
172579
209056
41397
198016
27410
147879
197462
30677
19430
35483
49462
5552
93607
19401
98251
78783
68416
81504
176180
121460
117106
19914
191659
41511
74754
32390
152676
7470
99012
104289
70779
56037
11716
81623
96907
110704
35454
88924
61450
8801
124220
116537
7710
92653
33071
51590
46571
139985
27207
94854
43804
73090
100108
3858
106824
165559
99026
68335
172779
48334
81256
16666
125271
74477
5751
200931
29472
180213
86612
13039
150585
62928
79642
32218
140369
68817
216281
73737
65128
54114
277262
58300
106902
46194
36937
36023
165470
62081
146359
41410
91131
86287
55288
208961
75177
192521
4564
44763
112586
61170
209181
57083
98465
106811
7915
231050
23679
18975
542
144698
8670
17980
142861
242589
72392
67426
35988
59856
193315
6005
38792
53748
134564
87696
149219
74726
173016
190976
77715
121956
61018
197625
223025
39814
72519
86165
95480
169544
101570
46570
31338
132621
107611
125067
66359
98975
81969
102114
120204
10914
229263
40214
107608
94901
52658
152327
10545
63035
42730
84959
27936
1321
160260
63635
211120
2629
23930
25826
2030
55625
146662
13653
19455
109903
25434
50856
155141
56172
153991
38531
112691
80907
32201
204850
514
67370
172556
20771
29710
74547
17566
93881
53807
7673
26199
236712
192323
68281
53969
48322
212633
166426
122636
84022
32704
47608
84020
201669
27049
232105
28464
152288
104919
18981
9180
75459
1643
68562
104051
249172
23380
119902
23973
11070
56423
134639
64546
86268
133029
113337
24924
127826
83783
30305
98564
88617
116712
10321
230002
5056
66688
43134
25491
4569
35809
142195
20269
28340
111616
212678
32908
26520
112240
25548
161774
123792
137004
48453
13421
94486
82216
31059
40694
151815
111032
59087
148705
31183
80110
27565
16071
154686
22887
252586
91489
166299
23086
153376
58180
18263
166505
60038
41712
2673
89589
26560
232970
54000
156598
149013
224771
84915
117590
18005
72182
96609
42004
57900
172575
191970
62887
34200
164449
10270
121026
116927
123693
88613
47060
33625
93645
246628
144004
132405
128621
2659
43477
80175
235970
100525
194717
27207
65352
124377
68744
113515
220316
108681
295414
69363
71555
74677
49058
213426
43008
198588
82268
198759
83414
106533
69002
121723
158960
172399
141958
32147
9613
12154
76683
239005
154628
49727
140972
246060
126210
41618
119930
17926
52299
123444
195738
115482
139709
75942
79931
22453
198426
8210
166021
130556
160223
161270
49460
24827
93212
204515
8927
112810
126283
48327
34350
50251
24197
84639
113279
112320
14989
74590
37086
52885
64798
46853
34428
73531
155211
81344
36454
91821
109707
120522
134136
62590
507
215123
38029
60196
115249
115825
46915
93640
110256
122372
49521
91873
68591
1835
109083
47653
45845
36346
162718
159635
219982
10080
20553
143019
159334
23938
94578
90715
8817
74277
73700
204128
135122
107847
11086
137512
71191
297374
125737
100950
40018
14324
188851
96325
153507
140362
139528
21393
178129
148386
104441
177107
38065
77211
161298
113106
53643
19245
76694
15157
59816
159349
9107
165213
10786
20130
13392
280932
77921
46435
415
53421
188010
84019
66627
46087
25003
133328
31693
114373
181414
157144
4422
135800
21965
23377
136290
227526
247138
99062
241329
114288
40282
5241
114635
5848
13538
115247
134723
139362
35091
745
45794
134315
9417
171206
84217
2257
45587
1631
124841
99634
73570
29173
123748
198156
144629
131998
175559
73554
131448
109196
1986
248845
198247
173607
81038
91013
72930
87008
105282
121870
107591
41779
144961
103692
68282
43512
67995
68512
48857
12417
180855
52722
18682
111551
30757
97045
33008
142840
182920
14050
45745
21567
495
165555
207912
41065
186527
62682
12439
63381
28028
69847
25285
24197
23724
113230
72057
62454
2781
206795
52043
143623
97563
235647
151513
179405
119513
244743
182982
44002
11091
48375
136506
132733
93794
18163
137123
44413
65117
48359
304306
154097
39502
155314
140288
87413
42958
43330
2653
48262
86316
134472
209484
51248
70051
231302
137608
154816
165358
66002
80651
19757
4500
153799
68688
20853
4804
172636
182865
9468
21513
48971
201777
58754
36960
24849
154247
208103
70379
223335
49040
39368
27500
73287
167986
179101
132113
27523
11236
81111
8120
7079
11257
84381
106855
216920
183236
41965
222069
26875
107573
131905
33852
278163
184400
59332
68182
5050
196192
2734
76190
205136
153982
272367
90966
7540
233873
10851
93244
140434
62658
181370
282785
98264
195059
66163
182057
136165
76945
34547
49735
186935
58344
66824
177922
5140
47166
127812
15336
160850
80009
39412
48423
5883
48991
60280
76226
192261
143628
52901
27667
129388
88029
94150
196466
75358
142796
130138
144043
235657
58576
27786
219676
67351
11103
4263
129489
43418
10144
30926
80771
15335
52166
134837
189308
2177
27177
51489
68920
29018
75915
451
67567
108051
68909
74498
236127
24325
198151
150119
255577
173173
70645
162224
110704
9910
58464
29730
37089
46236
119235
288853
167822
42925
45802
100941
172246
44002
70885
176280
138650
168490
39837
89378
7170
73347
227217
88062
187465
160204
174046
33037
27446
220122
193171
119633
39782
117993
105801
255840
138321
23222
184982
153875
96306
137748
33175
145963
121976
113012
41817
79734
144697
4558
117933
153234
52306
201351
154584
69077
54298
212553
34740
4146
88036
227745
33808
27002
100341
166362
139022
43019
100113
94117
611
232127
115168
188170
28925
260801
148891
24932
9889
34071
35474
185149
22911
76769
57129
235508
267159
141748
43428
33692
161318
249420
55109
97859
83804
150054
255192
21621
92970
25725
81352
80241
221398
79770
259403
70946
26681
37136
87113
80945
58869
154286
39034
74566
147628
173584
22781
7847
44663
158726
94268
189106
178535
64612
46209
237761
45426
19478
102832
38670
64327
51433
19394
16396
49462
121472
19723
14095
49643
89415
69825
50716
11617
1190
188181
108648
51679
27001
4606
23472
6497
81363
184464
34984
14977
112009
225110
67599
70485
125837
218041
105524
29815
68719
140378
12858
23199
136966
21116
188997
227508
150987
97469
6178
61230
21190
265263
38554
13775
84494
57573
67511
2282
53480
58347
122538
81970
205981
116075
105796
255041
117984
147749
87773
7753
71336
51122
20789
8827
10811
3673
125671
56493
71032
29526
119886
137297
137734
77865
140460
51441
62901
308460
46849
99726
9680
14320
154006
206296
12873
134182
140841
100539
60087
68993
19398
107193
60341
103556
93310
66354
133206
58883
215705
16407
133460
10637
128743
117128
51449
129948
181376
106907
140702
47984
110166
26969
160964
121101
11835
146093
284577
12408
64696
74983
71474
103506
38576
34849
58110
158075
172219
238595
2861
148105
42319
5519
30808
95083
85419
39366
222439
24245
25493
97602
107655
105045
36291
10332
116536
83197
182013
6060
185534
96072
15089
123742
3197
8213
176217
10649
51426
18080
141389
6929
73171
10975
204557
114223
203151
152036
107563
9076
84281
149747
128670
121981
7066
81700
130546
75017
217961
212813
13108
154705
71779
28677
96824
17873
67166
187295
27521
115471
260746
134427
187887
38323
15664
231507
64277
128733
68128
140137
54452
202072
60148
221234
111192
283518
32838
299294
218765
150367
113035
6499
125855
17926
96469
139012
206946
44626
85742
89583
248729
27601
162705
13945
59319
164337
25900
5170
140040
26726
83661
203456
104007
57560
32021
84775
85924
3603
51495
106402
132880
144745
38805
11952
4205
137313
89949
155040
17428
89403
104146
137736
32035
177981
179475
4702
180223
101470
83542
16608
19261
66832
91891
50600
42053
93341
29916
169572
130679
4244
5908
105491
38165
183624
92330
11661
123404
30517
126214
71534
14294
187640
12608
83627
80082
124566
14752
100012
5904
230612
13657
119589
65980
100860
2583
219407
21877
189420
27245
26251
71001
66122
59976
128865
222357
28381
189701
25971
278351
119502
10134
99175
185475
164482
174985
187754
234988
74048
201513
46604
7855
32894
81909
120720
37801
62915
94458
164484
48164
44422
247539
126755
85318
111718
26219
83061
14188
172949
247956
65938
144671
14415
160469
2491
79959
150456
87250
62812
9607
2400
76887
167755
232837
15435
122124
109216
88872
48486
23227
2512
55014
63790
132989
129890
46711
174389
125598
20274
269070
54698
191
91974
250489
116194
43391
197657
75771
232197
115276
196917
143545
253756
7220
42919
49391
71469
22541
16313
84509
134325
43066
113845
229621
82832
4605
39551
106180
135537
7873
969
38166
43645
268331
55304
26546
11718
177044
33750
45308
52463
52424
62734
51118
3351
186458
52650
26686
32697
230375
175929
15405
25432
197427
36315
26588
65341
136940
105805
32059
58677
112496
91221
52580
185
211791
307389
225541
126919
20396
51460
28476
11379
74365
94318
11029
51439
60853
119582
131535
25367
28143
26287
167135
30949
228550
10070
139642
198530
128975
125151
49098
63754
168179
177643
45844
45871
117156
194784
186448
77712
15683
39085
12908
49793
97697
99491
96532
210406
52742
135715
34724
196721
149283
54006
234925
101102
21739
20762
100924
115658
46174
180800
128603
166105
69175
134101
19462
170173
185510
204687
126248
29266
8261
150996
139617
161158
72631
90506
13889
108771
129438
167444
238137
52565
46815
31802
62073
25908
156624
153
50648
31376
196621
173786
62634
173188
59273
37439
200842
54113
66724
53275
64019
120139
53456
40674
56049
121224
29765
286121
34530
256522
157132
123580
140108
109427
51588
19107
139229
85271
166778
36185
273778
57048
90618
195865
155230
190668
90509
79965
74699
35792
26612
83025
78522
35011
264421
144450
59102
3004
97981
71897
29890
53396
44705
21096
138380
273467
17266
22449
97100
63501
111935
81108
52302
44882
167650
128300
173684
272929
95718
25932
18329
29731
51146
117200
12981
74348
29816
27314
53557
5061
126662
114148
175251
28239
125385
117974
19293
25530
44187
62157
63652
168546
28924
57172
93193
79270
22775
147334
90650
194025
134474
104559
41589
37165
39957
131653
16212
65941
82172
116687
64827
50105
102225
142826
38995
5866
105781
114613
165088
2082
134205
170370
112424
12786
153597
91096
247549
104978
127675
43125
13474
84106
124889
44126
8315
10494
76398
51142
229799
154679
85428
9802
30094
113232
46312
45720
44319
86093
98794
43361
6928
4358
1561
65068
23600
64035
180956
57625
21109
204421
124635
45585
124665
159340
139034
49150
11824
107314
176701
39215
35151
9221
97034
190453
74204
163750
294058
53036
40781
227830
10073
143660
215017
46150
2826
146800
38442
32397
20282
43479
43216
58722
62821
91798
20734
153249
167202
174110
165866
115443
5928
82829
117045
91442
85883
83164
29308
155969
14932
113167
207134
228759
69747
141467
157200
186854
191327
89678
78069
103391
43313
131369
165924
2721
71410
311
155979
243920
128554
127407
66287
4197
133785
57709
64056
152039
164485
207079
81074
52996
76512
174124
78148
87334
21029
159167
70115
103407
54222
45464
157980
127013
34441
78123
206656
71815
97763
44230
96754
29358
120268
114476
9867
175015
100937
150662
134166
332997
109584
13139
110427
13642
134545
44915
114196
43661
206857
177546
10109
11287
166244
90049
108212
150979
31200
187795
4545
42979
11644
49484
143121
156215
34358
4132
90819
108609
120403
197236
213378
63033
12245
32132
80936
132051
205862
187754
183482
157365
101096
62598
246187
107048
147903
117255
170614
93472
25262
63595
191868
6020
109888
42082
140378
10684
59862
81480
405
45130
75578
83998
55472
160729
20039
155768
11538
136791
107
260286
124366
128216
57936
70049
191126
66229
52484
95013
25543
38650
54812
117537
22555
62263
117861
5394
60842
151248
3480
76303
135797
6965
84176
138102
37499
133758
219170
44533
170655
52339
30277
81129
185892
15875
97860
25141
165985
86362
197544
164210
47142
79484
53858
31018
81366
34910
25635
50705
20395
73622
96385
107611
9386
71774
55876
150540
244744
127766
78444
7913
84790
11394
137471
31711
124308
60141
74299
15858
60601
159961
18788
143842
8998
176935
105819
64957
43389
58992
12429
26275
131241
103165
79514
185888
58401
62323
162060
85934
99109
18730
75876
14071
187884
29462
21130
201813
6213
312307
139915
34506
57647
135947
43725
177301
126601
91523
151079
93431
34000
28834
23282
53344
106553
22643
150245
110383
27904
169651
12554
196170
24450
18754
14425
117088
99609
144296
3359
266686
54725
45238
133188
5019
107863
177368
15145
53352
13404
43334
150500
164678
41336
56703
11719
8437
192850
193452
111489
117233
243865
155772
7870
33559
132170
147025
62263
11066
34423
36969
95904
145560
93390
209769
32480
255814
17812
34204
198581
9237
31123
143357
24631
69402
151405
9271
9383
30924
70498
44492
14156
15409
128484
77150
230274
223680
24141
25228
120130
19993
154548
45477
108970
5825
180187
162998
109826
270649
132041
120238
45748
3856
232162
166494
30114
72209
301497
183032
114844
36608
14564
122980
19047
79899
9393
44517
44347
156803
82526
48116
60868
147365
123750
110884
26761
52545
64836
32892
38857
34379
153067
104906
26221
36782
221227
194722
167057
185814
33506
68533
160513
31267
188840
229627
94468
91437
99398
235404
231859
89806
23497
69797
263392
161826
88360
100972
81832
125205
49760
121169
114938
311586
245104
72916
109327
131484
152904
90067
3253
156010
79630
54966
19064
54550
183949
90130
12727
91924
251866
146520
63461
29464
161992
63583
85571
95052
119557
94928
82528
118224
112651
66549
209066
117444
3274
119807
78794
31450
104863
813
10045
113333
53748
191240
48145
31446
5540
161997
130629
33707
41550
146301
14775
16243
66699
249637
25257
178093
112197
65104
90308
25742
73073
14204
56005
141085
91937
45020
119977
78921
36374
10838
37986
99330
103593
186908
196592
46844
55333
122976
3201
245739
17782
108921
157412
155000
6595
7212
46607
149598
27872
37999
198278
119629
177901
94238
229344
102267
31631
11992
96489
200677
76210
182829
13871
17716
5616
53157
287630
169406
93579
134793
67375
156997
8101
52964
1794
134781
119140
259128
261360
187959
164768
120872
6570
119331
120932
67259
130297
16156
44187
61082
26969
18801
164435
118830
68791
42283
111615
141424
151446
132767
5479
93782
57246
99744
154616
80669
192489
161528
95620
25289
31931
74629
30495
53181
32335
115241
175096
51539
62161
17804
70292
33366
57754
86417
81456
26763
143551
129768
72104
99187
112628
6336
1695
50453
49501
26758
17768
85783
52454
76658
128524
64378
60746
16524
90775
174637
144290
25689
102453
59437
7610
142249
9966
12992
80466
246547
5968
82496
57467
215493
116768
161925
88860
299828
17575
8586
192817
52782
111409
162417
68673
7647
40406
45777
175056
55747
10101
39711
159696
191137
107938
290816
17823
30330
81112
45038
19140
12227
68029
194577
154853
2639
199863
167677
83756
28148
18924
33096
143047
58695
87224
41563
107993
25055
50779
89948
214629
9374
75565
289987
102121
114282
64958
144259
84199
19895
65329
235215
19053
97815
1071
172730
42748
69544
84799
13614
225383
18121
56885
25670
126251
207323
28053
82686
81667
6040
1887
14731
162292
39580
53352
7017
21994
109537
46352
70842
107228
105429
28356
8437
3787
77897
122350
227227
46611
3431
39550
80190
188170
83903
17901
37850
11744
28807
134090
258012
34308
152541
187668
36179
169649
121514
91516
103760
9839
398
149873
98726
104329
43844
70281
200432
110032
115738
70552
34832
271819
659
13840
246371
168734
172397
3272
83475
62087
92601
47510
87375
264900
137232
36401
177224
94068
90380
16040
91968
50160
146076
105112
132738
163648
26991
12770
29557
199715
134615
95417
22473
86573
81982
43264
25308
33140
64451
110602
88987
44323
51478
41654
122951
48124
10044
124827
9053
16272
41555
11455
196533
106301
164228
53605
120475
204966
10314
60490
16029
69914
78380
139486
72646
220462
141799
142603
139580
76391
24991
313222
112951
16856
65976
63284
7325
112606
46283
11910
197679
35518
25593
23975
43998
215989
77474
54120
463
1531
130148
106980
85954
166775
113207
69955
158374
286980
74806
60297
110374
4049
243273
114995
95233
86475
105295
65032
3446
12120
170904
42735
107985
161865
48267
11547
90360
73132
36742
40802
37403
79772
86622
193091
70094
12077
178836
76724
137183
70363
113227
25272
48761
22445
70046
157186
6625
21690
38132
82699
4619
246019
176264
223290
48496
9641
145637
95849
84069
53690
123732
36892
53483
182209
35998
12463
66617
67629
27864
53281
39347
6370
197850
27200
107454
47733
132539
24361
50021
121088
98386
179360
34597
25879
132114
24713
56626
7952
249183
45845
115503
258789
5626
31908
206886
148539
17762
181223
36103
23666
116234
40680
39525
50510
57742
20431
193694
22008
210969
123689
132812
46076
196344
303520
9912
51973
93190
39487
128187
27342
162548
154271
69788
38714
125350
78966
188748
51636
37047
152519
32628
89670
217920
38328
5199
80417
18724
155602
25743
40505
28143
88975
59677
56446
278333
217168
32245
67632
140743
26615
92238
80068
21547
179329
52732
57439
69790
30736
71971
157118
48420
22478
178245
76386
114861
167935
28377
55674
55306
131840
165613
67925
71821
24821
99623
50878
19325
143862
6219
103412
33781
143995
31981
119787
98520
52249
148140
19016
12398
22816
181
170699
88774
67168
151
25785
7588
10710
18450
152098
78812
76355
76205
257070
107047
223264
36213
20748
112144
156817
21447
125994
66415
4073
158535
131641
8592
42898
36882
62528
143251
60339
125075
73487
163724
139108
31270
62686
117808
23706
117259
90110
143874
97933
6895
138143
99656
72933
75813
85139
142170
6071
27563
115977
2759
79692
157069
94165
38196
121535
23094
16647
78366
91699
47589
39803
43638
54234
61313
137918
30430
28369
82780
21974
140169
234434
175240
109920
24079
41300
192115
111971
14254
71410
115476
67926
66538
79534
67715
134429
32434
118079
172188
9218
24174
185577
28444
9981
70114
275453
37474
18128
257718
63635
71200
209885
138061
103893
115534
226385
218421
22756
17993
14061
104306
202301
20742
7643
38973
188319
38319
34306
60735
2215
21373
38585
39728
110760
131017
140617
1962
4963
83201
21767
12418
154075
280390
119850
236727
115234
245501
34736
47654
94591
7661
30998
190224
102091
10735
180504
72475
40496
3779
11581
63690
54487
24224
21317
87302
94113
119717
208409
230685
59276
66042
12687
14081
24214
176067
26303
77071
59691
72628
16905
46485
46698
198084
267491
173581
25112
25072
150155
20744
11655
56723
131562
55022
75059
94343
72220
66274
104239
178454
54248
75135
7194
219603
209324
205513
55725
166097
118697
13680
25130
58510
38914
203766
185577
118031
82413
68582
61430
149162
32469
85830
233771
18375
111869
8876
62854
149823
85584
177545
96549
89668
20339
13660
58091
23365
34181
123355
4368
191531
73814
265965
45349
29447
26832
45937
31076
25957
131064
5083
64195
17076
35212
102432
8666
160032
47908
218367
74550
71924
96543
29716
152
48952
149648
109780
130839
124086
79322
36062
163322
26872
76708
32756
64328
9684
31866
6475
35006
194170
17252
129305
209694
22455
10431
19888
22799
76796
30891
66948
117216
13304
51069
102100
3022
57335
118209
144055
80919
107406
21363
271025
97937
170918
9803
69256
72143
28032
193169
156429
76045
65871
46471
105823
36907
65926
9246
24728
35919
12096
185536
60948
6657
47299
22052
161018
40361
191253
134232
59039
37876
164896
101889
106272
94893
33987
110573
156888
118719
27631
156226
142854
139626
124957
33286
62453
11076
131280
97276
281310
28041
70599
778
187099
25628
61834
244432
14556
182230
189759
166065
46022
55994
3214
28090
77256
101159
26235
160746
10382
54771
75981
128773
186307
23079
31595
30660
62873
32888
180581
151700
65950
28082
152576
81883
2420
41807
59564
25187
102557
188958
142134
68662
84518
119961
222407
29926
44912
3112
48625
26560
43410
129213
152472
103366
65913
76571
143367
6057
41656
55567
203274
38151
167280
44473
52142
28253
480
140843
28138
11238
55419
223236
14932
35857
2737
15906
117197
136869
59265
7727
54056
5105
110394
118511
77591
65402
125673
39097
156100
14956
4732
77213
257898
54392
14580
56752
6724
25856
183484
225015
98750
146871
81078
39505
49410
120674
10913
1772
74999
68261
46366
39439
26869
271051
12607
31818
93033
45609
30335
152460
128085
15705
169957
13879
130154
34186
14250
3519
26426
41452
45812
137513
96508
116352
228204
74736
204172
30780
166318
273081
35563
101422
90407
6152
72796
61815
136923
141432
252345
19136
96987
66440
251449
206610
102163
45138
29247
103566
9988
174956
13528
717
266652
214308
160234
199718
37720
190098
2971
28982
6519
53174
74889
56869
85828
28173
95853
231804
87440
60058
2656
101014
220942
11548
40931
2810
58999
59684
7387
95263
192255
166852
101720
25245
57920
221995
6742
769
239549
44932
40862
47819
26039
183887
32226
8152
197749
83180
76870
131459
95056
12021
112079
36285
170209
46668
47881
82599
44569
27385
110231
29472
11917
197030
91702
214945
128322
203348
75302
198496
125704
17687
45387
52192
68896
55211
30777
3636
53535
185915
88654
213425
12299
130257
105498
239716
26596
202235
9395
15863
5954
32835
164150
104981
45375
21414
47237
130636
64180
5940
90778
150034
14603
55432
4957
224628
322829
6454
129376
27329
274608
36729
118375
184229
24164
38917
132015
167512
278481
15362
23720
165651
1037
27872
85037
32440
91308
19736
25072
158426
107034
91454
97920
126147
110629
33636
160277
74952
27691
114656
28691
176045
3708
1024
1413
29089
77604
131335
120750
103650
90333
906
120381
87879
26636
177583
80403
40321
209957
199467
14373
36516
13660
46329
48538
302439
22513
153660
73796
4114
23065
14572
196918
3495
79546
49188
120682
171514
43038
17453
115185
138544
24782
200163
6002
72121
49585
12669
1420
175183
65682
98060
133899
237026
96776
51542
29519
55978
146897
25447
22038
40068
53864
236254
168819
272646
87426
44921
19973
2924
53021
107667
143794
5392
16126
127480
30083
286193
145339
78425
17993
82019
93984
16957
117208
165113
91146
44517
145875
25133
19127
245130
21956
19397
108586
4410
99737
18640
83512
77446
64631
85599
73708
282509
85856
47397
